Determining if the function crc32c_value exists in the crc32c failed with the following output:
Change Dir: /Users/me/Documents/Workspace/GitHub/Cpp/Geologger/cmake-build-debug/CMakeFiles/CMakeTmp

Run Build Command:"/usr/bin/make" "cmTC_a7c16/fast"
/Applications/Xcode.app/Contents/Developer/usr/bin/make -f CMakeFiles/cmTC_a7c16.dir/build.make CMakeFiles/cmTC_a7c16.dir/build
Building C object CMakeFiles/cmTC_a7c16.dir/CheckFunctionExists.c.o
/usr/local/Cellar/llvm/7.0.0/bin/clang   -DCHECK_FUNCTION_EXISTS=crc32c_value -isysroot /Applications/Xcode.app/Contents/Developer/Platforms/MacOSX.platform/Developer/SDKs/MacOSX10.14.sdk   -std=c11 -o CMakeFiles/cmTC_a7c16.dir/CheckFunctionExists.c.o   -c /usr/local/Cellar/cmake/3.12.4/share/cmake/Modules/CheckFunctionExists.c
Linking C executable cmTC_a7c16
/usr/local/Cellar/cmake/3.12.4/bin/cmake -E cmake_link_script CMakeFiles/cmTC_a7c16.dir/link.txt --verbose=1
/usr/local/Cellar/llvm/7.0.0/bin/clang  -DCHECK_FUNCTION_EXISTS=crc32c_value -isysroot /Applications/Xcode.app/Contents/Developer/Platforms/MacOSX.platform/Developer/SDKs/MacOSX10.14.sdk -Wl,-search_paths_first -Wl,-headerpad_max_install_names   CMakeFiles/cmTC_a7c16.dir/CheckFunctionExists.c.o  -o cmTC_a7c16 -lcrc32c 
ld: library not found for -lcrc32c
clang-7: error: linker command failed with exit code 1 (use -v to see invocation)
make[1]: *** [cmTC_a7c16] Error 1
make: *** [cmTC_a7c16/fast] Error 2


Determining if the function snappy_compress exists in the snappy failed with the following output:
Change Dir: /Users/me/Documents/Workspace/GitHub/Cpp/Geologger/cmake-build-debug/CMakeFiles/CMakeTmp

Run Build Command:"/usr/bin/make" "cmTC_df632/fast"
/Applications/Xcode.app/Contents/Developer/usr/bin/make -f CMakeFiles/cmTC_df632.dir/build.make CMakeFiles/cmTC_df632.dir/build
Building C object CMakeFiles/cmTC_df632.dir/CheckFunctionExists.c.o
/usr/local/Cellar/llvm/7.0.0/bin/clang   -DCHECK_FUNCTION_EXISTS=snappy_compress -isysroot /Applications/Xcode.app/Contents/Developer/Platforms/MacOSX.platform/Developer/SDKs/MacOSX10.14.sdk   -std=c11 -o CMakeFiles/cmTC_df632.dir/CheckFunctionExists.c.o   -c /usr/local/Cellar/cmake/3.12.4/share/cmake/Modules/CheckFunctionExists.c
Linking C executable cmTC_df632
/usr/local/Cellar/cmake/3.12.4/bin/cmake -E cmake_link_script CMakeFiles/cmTC_df632.dir/link.txt --verbose=1
/usr/local/Cellar/llvm/7.0.0/bin/clang  -DCHECK_FUNCTION_EXISTS=snappy_compress -isysroot /Applications/Xcode.app/Contents/Developer/Platforms/MacOSX.platform/Developer/SDKs/MacOSX10.14.sdk -Wl,-search_paths_first -Wl,-headerpad_max_install_names   CMakeFiles/cmTC_df632.dir/CheckFunctionExists.c.o  -o cmTC_df632 -lsnappy 
ld: library not found for -lsnappy
clang-7: error: linker command failed with exit code 1 (use -v to see invocation)
make[1]: *** [cmTC_df632] Error 1
make: *** [cmTC_df632/fast] Error 2


Determining if the function malloc exists in the tcmalloc failed with the following output:
Change Dir: /Users/me/Documents/Workspace/GitHub/Cpp/Geologger/cmake-build-debug/CMakeFiles/CMakeTmp

Run Build Command:"/usr/bin/make" "cmTC_3ae13/fast"
/Applications/Xcode.app/Contents/Developer/usr/bin/make -f CMakeFiles/cmTC_3ae13.dir/build.make CMakeFiles/cmTC_3ae13.dir/build
Building C object CMakeFiles/cmTC_3ae13.dir/CheckFunctionExists.c.o
/usr/local/Cellar/llvm/7.0.0/bin/clang   -DCHECK_FUNCTION_EXISTS=malloc -isysroot /Applications/Xcode.app/Contents/Developer/Platforms/MacOSX.platform/Developer/SDKs/MacOSX10.14.sdk   -std=c11 -o CMakeFiles/cmTC_3ae13.dir/CheckFunctionExists.c.o   -c /usr/local/Cellar/cmake/3.12.4/share/cmake/Modules/CheckFunctionExists.c
/usr/local/Cellar/cmake/3.12.4/share/cmake/Modules/CheckFunctionExists.c:7:3: warning: incompatible redeclaration of library function 'malloc' [-Wincompatible-library-redeclaration]
  CHECK_FUNCTION_EXISTS(void);
  ^
<command line>:1:31: note: expanded from here
#define CHECK_FUNCTION_EXISTS malloc
                              ^
/usr/local/Cellar/cmake/3.12.4/share/cmake/Modules/CheckFunctionExists.c:7:3: note: 'malloc' is a builtin with type 'void *(unsigned long)'
<command line>:1:31: note: expanded from here
#define CHECK_FUNCTION_EXISTS malloc
                              ^
1 warning generated.
Linking C executable cmTC_3ae13
/usr/local/Cellar/cmake/3.12.4/bin/cmake -E cmake_link_script CMakeFiles/cmTC_3ae13.dir/link.txt --verbose=1
/usr/local/Cellar/llvm/7.0.0/bin/clang  -DCHECK_FUNCTION_EXISTS=malloc -isysroot /Applications/Xcode.app/Contents/Developer/Platforms/MacOSX.platform/Developer/SDKs/MacOSX10.14.sdk -Wl,-search_paths_first -Wl,-headerpad_max_install_names   CMakeFiles/cmTC_3ae13.dir/CheckFunctionExists.c.o  -o cmTC_3ae13 -ltcmalloc 
ld: library not found for -ltcmalloc
clang-7: error: linker command failed with exit code 1 (use -v to see invocation)
make[1]: *** [cmTC_3ae13] Error 1
make: *** [cmTC_3ae13/fast] Error 2


Determining if the fdatasync exist failed with the following output:
Change Dir: /Users/me/Documents/Workspace/GitHub/Cpp/Geologger/cmake-build-debug/CMakeFiles/CMakeTmp

Run Build Command:"/usr/bin/make" "cmTC_f71ef/fast"
/Applications/Xcode.app/Contents/Developer/usr/bin/make -f CMakeFiles/cmTC_f71ef.dir/build.make CMakeFiles/cmTC_f71ef.dir/build
Building C object CMakeFiles/cmTC_f71ef.dir/CheckSymbolExists.c.o
/usr/local/Cellar/llvm/7.0.0/bin/clang   -isysroot /Applications/Xcode.app/Contents/Developer/Platforms/MacOSX.platform/Developer/SDKs/MacOSX10.14.sdk   -std=c11 -o CMakeFiles/cmTC_f71ef.dir/CheckSymbolExists.c.o   -c /Users/me/Documents/Workspace/GitHub/Cpp/Geologger/cmake-build-debug/CMakeFiles/CMakeTmp/CheckSymbolExists.c
/Users/me/Documents/Workspace/GitHub/Cpp/Geologger/cmake-build-debug/CMakeFiles/CMakeTmp/CheckSymbolExists.c:8:19: error: use of undeclared identifier 'fdatasync'
  return ((int*)(&fdatasync))[argc];
                  ^
1 error generated.
make[1]: *** [CMakeFiles/cmTC_f71ef.dir/CheckSymbolExists.c.o] Error 1
make: *** [cmTC_f71ef/fast] Error 2

File /Users/me/Documents/Workspace/GitHub/Cpp/Geologger/cmake-build-debug/CMakeFiles/CMakeTmp/CheckSymbolExists.c:
/* */
#include <unistd.h>

int main(int argc, char** argv)
{
  (void)argv;
#ifndef fdatasync
  return ((int*)(&fdatasync))[argc];
#else
  (void)argc;
  return 0;
#endif
}

Performing C++ SOURCE FILE Test HAVE_CXX17_HAS_INCLUDE failed with the following output:
Change Dir: /Users/me/Documents/Workspace/GitHub/Cpp/Geologger/cmake-build-debug/CMakeFiles/CMakeTmp

Run Build Command:"/usr/bin/make" "cmTC_d123a/fast"
/Applications/Xcode.app/Contents/Developer/usr/bin/make -f CMakeFiles/cmTC_d123a.dir/build.make CMakeFiles/cmTC_d123a.dir/build
Building CXX object CMakeFiles/cmTC_d123a.dir/src.cxx.o
/usr/local/Cellar/llvm/7.0.0/bin/clang    -DHAVE_CXX17_HAS_INCLUDE -isysroot /Applications/Xcode.app/Contents/Developer/Platforms/MacOSX.platform/Developer/SDKs/MacOSX10.14.sdk   -std=c++11 -o CMakeFiles/cmTC_d123a.dir/src.cxx.o -c /Users/me/Documents/Workspace/GitHub/Cpp/Geologger/cmake-build-debug/CMakeFiles/CMakeTmp/src.cxx
Linking CXX executable cmTC_d123a
/usr/local/Cellar/cmake/3.12.4/bin/cmake -E cmake_link_script CMakeFiles/cmTC_d123a.dir/link.txt --verbose=1
/usr/local/Cellar/llvm/7.0.0/bin/clang   -DHAVE_CXX17_HAS_INCLUDE -isysroot /Applications/Xcode.app/Contents/Developer/Platforms/MacOSX.platform/Developer/SDKs/MacOSX10.14.sdk -Wl,-search_paths_first -Wl,-headerpad_max_install_names   CMakeFiles/cmTC_d123a.dir/src.cxx.o  -o cmTC_d123a 
Undefined symbols for architecture x86_64:
  "std::__1::basic_string<char, std::__1::char_traits<char>, std::__1::allocator<char> >::~basic_string()", referenced from:
      _main in src.cxx.o
  "std::terminate()", referenced from:
      ___clang_call_terminate in src.cxx.o
  "___cxa_begin_catch", referenced from:
      ___clang_call_terminate in src.cxx.o
ld: symbol(s) not found for architecture x86_64
clang-7: error: linker command failed with exit code 1 (use -v to see invocation)
make[1]: *** [cmTC_d123a] Error 1
make: *** [cmTC_d123a/fast] Error 2

Source file was:

#if defined(__has_include) &&  __has_include(<string>)
#include <string>
#endif
int main() { std::string str; return 0; }

Performing C++ SOURCE FILE Test HAVE_KYOTOCABINET failed with the following output:
Change Dir: /Users/me/Documents/Workspace/GitHub/Cpp/Geologger/cmake-build-debug/CMakeFiles/CMakeTmp

Run Build Command:"/usr/bin/make" "cmTC_d58f5/fast"
/Applications/Xcode.app/Contents/Developer/usr/bin/make -f CMakeFiles/cmTC_d58f5.dir/build.make CMakeFiles/cmTC_d58f5.dir/build
Building CXX object CMakeFiles/cmTC_d58f5.dir/src.cxx.o
/usr/local/Cellar/llvm/7.0.0/bin/clang    -DHAVE_KYOTOCABINET -isysroot /Applications/Xcode.app/Contents/Developer/Platforms/MacOSX.platform/Developer/SDKs/MacOSX10.14.sdk   -std=c++11 -o CMakeFiles/cmTC_d58f5.dir/src.cxx.o -c /Users/me/Documents/Workspace/GitHub/Cpp/Geologger/cmake-build-debug/CMakeFiles/CMakeTmp/src.cxx
/Users/me/Documents/Workspace/GitHub/Cpp/Geologger/cmake-build-debug/CMakeFiles/CMakeTmp/src.cxx:2:10: fatal error: 'kcpolydb.h' file not found
#include <kcpolydb.h>
         ^~~~~~~~~~~~
1 error generated.
make[1]: *** [CMakeFiles/cmTC_d58f5.dir/src.cxx.o] Error 1
make: *** [cmTC_d58f5/fast] Error 2

Source file was:

#include <kcpolydb.h>

int main() {
  kyotocabinet::TreeDB* db = new kyotocabinet::TreeDB();
  delete db;
  return 0;
}
  
